<?xml version="1.0" encoding="UTF-8"?>
<!-- Generated by org.testng.reporters.JUnitReportReporter -->
<testsuite hostname="DESKTOP-181M6IU" failures="0" tests="1" name="scipts.Testcase2" time="11.429" errors="0" timestamp="2022-07-25T12:48:12 IST" skipped="0">
  <testcase classname="scipts.Testcase2" name="tc2" time="11.429"/>
  <system-out/>
</testsuite> <!-- scipts.Testcase2 -->
