<?xml version="1.0" encoding="UTF-8"?>
<!-- Generated by org.testng.reporters.JUnitReportReporter -->
<testsuite hostname="DESKTOP-181M6IU" failures="0" tests="1" name="scipts.Testcase1" time="15.529" errors="0" timestamp="2022-08-13T11:21:44 IST" skipped="0">
  <testcase classname="scipts.Testcase1" name="tc1" time="15.529"/>
  <system-out/>
</testsuite> <!-- scipts.Testcase1 -->
